<?xml version="1.0" encoding="UTF-8"?>
<!-- Generated by org.testng.reporters.JUnitReportReporter -->
<testsuite hostname="LAPTOP-Q29DDEJ1" failures="0" tests="1" name="com.MedicalHealthCare.testCases.TC_VerifyHomeButton" time="2.228" errors="0" timestamp="2024-11-05T23:02:53 IST" skipped="0">
  <testcase classname="com.MedicalHealthCare.testCases.TC_VerifyHomeButton" name="verifyHomeButton" time="2.228"/>
  <system-out/>
</testsuite> <!-- com.MedicalHealthCare.testCases.TC_VerifyHomeButton -->
