<?xml version="1.0" encoding="UTF-8"?>
<!-- Generated by org.testng.reporters.JUnitReportReporter -->
<testsuite hostname="LAPTOP-Q29DDEJ1" failures="0" tests="1" name="com.MedicalHealthCare.testCases.TC_BookAppointment" time="3.160" errors="0" timestamp="2024-11-06T15:08:19 IST" skipped="0">
  <testcase classname="com.MedicalHealthCare.testCases.TC_BookAppointment" name="bookAppointment" time="3.160"/>
  <system-out/>
</testsuite> <!-- com.MedicalHealthCare.testCases.TC_BookAppointment -->
